<?xml version="1.0" encoding="UTF-8"?>
<testsuites name="QA Challenge" tests="3" time="0.834">
  <testsuite name="api / v1 / auth / register / Login with email and password" id="d45894e5-fa8c-4de1-a83f-7109c7257f35" timestamp="2026-01-20T10:36:58.960Z" tests="3" failures="0" errors="0" time="0.747">
    <testcase name="Status code is 200" time="0.747" classname="ApiV1AuthRegisterLoginWithEmailAndPassword"/>
    <testcase name="Login success flag" time="0.747" classname="ApiV1AuthRegisterLoginWithEmailAndPassword"/>
    <testcase name="Email is verified" time="0.747" classname="ApiV1AuthRegisterLoginWithEmailAndPassword"/>
  </testsuite>
  <testsuite name="api / v1 / auth / register / Get user profile" id="f978695f-cd45-41d4-8461-b3499c419bcf" timestamp="2026-01-20T10:36:58.960Z" tests="8" failures="0" errors="0" time="0.044">
    <testcase name="Status code is 200" time="0.044" classname="ApiV1AuthRegisterGetUserProfile"/>
    <testcase name="User email matches saved variable" time="0.044" classname="ApiV1AuthRegisterGetUserProfile"/>
    <testcase name="User ID matches saved variable" time="0.044" classname="ApiV1AuthRegisterGetUserProfile"/>
    <testcase name="First Name matches saved variable" time="0.044" classname="ApiV1AuthRegisterGetUserProfile"/>
    <testcase name="Last Name matches saved variable" time="0.044" classname="ApiV1AuthRegisterGetUserProfile"/>
    <testcase name="Check if email is verified" time="0.044" classname="ApiV1AuthRegisterGetUserProfile"/>
    <testcase name="Response time is less than 600ms" time="0.044" classname="ApiV1AuthRegisterGetUserProfile"/>
    <testcase name="Response matches profile schema" time="0.044" classname="ApiV1AuthRegisterGetUserProfile"/>
  </testsuite>
  <testsuite name="api / v1 / auth / register / Update user profile" id="1dd3bae8-e229-43d4-b0a7-94759283f58c" timestamp="2026-01-20T10:36:58.960Z" tests="2" failures="0" errors="0" time="0.043">
    <testcase name="Status code is 200" time="0.043" classname="ApiV1AuthRegisterUpdateUserProfile"/>
    <testcase name="Response time is less than 600ms" time="0.043" classname="ApiV1AuthRegisterUpdateUserProfile"/>
  </testsuite>
</testsuites>