<?xml version="1.0" encoding="UTF-8"?>
<testsuites name="QA Challenge" tests="3" time="0.877">
  <testsuite name="api / v1 / auth / register / Login with email and password" id="2182d7c5-e193-430d-a9bc-95daa2d1800b" timestamp="2026-04-07T22:49:07.149Z" tests="3" failures="0" errors="0" time="0.777">
    <testcase name="Status code is 200" time="0.777" classname="ApiV1AuthRegisterLoginWithEmailAndPassword"/>
    <testcase name="Login success flag" time="0.777" classname="ApiV1AuthRegisterLoginWithEmailAndPassword"/>
    <testcase name="Email is verified" time="0.777" classname="ApiV1AuthRegisterLoginWithEmailAndPassword"/>
  </testsuite>
  <testsuite name="api / v1 / auth / register / Get user profile" id="a9a6efad-029f-4189-8fdc-726ca21ed49a" timestamp="2026-04-07T22:49:07.149Z" tests="8" failures="0" errors="0" time="0.052">
    <testcase name="Status code is 200" time="0.052" classname="ApiV1AuthRegisterGetUserProfile"/>
    <testcase name="User email matches saved variable" time="0.052" classname="ApiV1AuthRegisterGetUserProfile"/>
    <testcase name="User ID matches saved variable" time="0.052" classname="ApiV1AuthRegisterGetUserProfile"/>
    <testcase name="First Name matches saved variable" time="0.052" classname="ApiV1AuthRegisterGetUserProfile"/>
    <testcase name="Last Name matches saved variable" time="0.052" classname="ApiV1AuthRegisterGetUserProfile"/>
    <testcase name="Check if email is verified" time="0.052" classname="ApiV1AuthRegisterGetUserProfile"/>
    <testcase name="Response time is less than 600ms" time="0.052" classname="ApiV1AuthRegisterGetUserProfile"/>
    <testcase name="Response matches profile schema" time="0.052" classname="ApiV1AuthRegisterGetUserProfile"/>
  </testsuite>
  <testsuite name="api / v1 / auth / register / Update user profile" id="eea7269f-e822-4449-a803-69adc6448c9d" timestamp="2026-04-07T22:49:07.149Z" tests="2" failures="0" errors="0" time="0.048">
    <testcase name="Status code is 200" time="0.048" classname="ApiV1AuthRegisterUpdateUserProfile"/>
    <testcase name="Response time is less than 600ms" time="0.048" classname="ApiV1AuthRegisterUpdateUserProfile"/>
  </testsuite>
</testsuites>